<?xml version="1.0" encoding="UTF-8"?>
<testsuite name="com.example.helloworld.MessageServiceTest" tests="1" skipped="0" failures="0" errors="0" timestamp="2015-10-04T03:22:03" hostname="chidmzhcf01.thoughtworks.com" time="0.001">
  <properties/>
  <testcase name="testGetMessage" classname="com.example.helloworld.MessageServiceTest" time="0.001"/>
  <system-out><![CDATA[]]></system-out>
  <system-err><![CDATA[]]></system-err>
</testsuite>
